<?xml version="1.0" encoding="UTF-8"?>
<!-- Generated by org.testng.reporters.JUnitReportReporter -->
<testsuite skipped="0" hostname="DESKTOP-HJ" name="com.testNG.InitialTest" tests="4" failures="0" timestamp="2022-09-27T15:44:04 IST" time="0.000" errors="0">
  <testcase name="firstTestMethod" time="0.000" classname="com.testNG.InitialTest"/>
  <system-out/>
  <testcase name="fourthTestMethod" time="0.000" classname="com.testNG.InitialTest"/>
  <system-out/>
  <testcase name="thirdTestMethod" time="0.000" classname="com.testNG.InitialTest"/>
  <system-out/>
  <testcase name="secondTestMethod" time="0.000" classname="com.testNG.InitialTest"/>
  <system-out/>
</testsuite> <!-- com.testNG.InitialTest -->
