<?xml version="1.0" encoding="UTF-8"?>
<!-- Generated by org.testng.reporters.JUnitReportReporter -->
<testsuite skipped="0" hostname="DESKTOP-HJ" name="com.hrm.runner.HrmRunnerClass" tests="1" failures="0" timestamp="2022-05-19T11:31:52 IST" time="28.067" errors="0">
  <testcase name="feature" time="28.067" classname="com.hrm.runner.HrmRunnerClass"/>
  <system-out/>
</testsuite> <!-- com.hrm.runner.HrmRunnerClass -->
